  [1m[35m (381.3ms)[0m  [1m[35mCREATE DATABASE "hello_rails_back_end_development" ENCODING = 'unicode'[0m
  [1m[35m (378.9ms)[0m  [1m[35mCREATE DATABASE "hello_rails_back_end_test" ENCODING = 'unicode'[0m
  [1m[35m (5.0ms)[0m  [1m[35mCREATE TABLE "schema_migrations" ("version" character varying NOT NULL PRIMARY KEY)[0m
  [1m[35m (3.1ms)[0m  [1m[35mCREATE TABLE "ar_internal_metadata" ("key" character varying NOT NULL PRIMARY KEY, "value" character varying, "created_at" timestamp(6) NOT NULL, "updated_at" timestamp(6) NOT NULL)[0m
  [1m[35m (0.6ms)[0m  [1m[34mSELECT pg_try_advisory_lock(3369180297042482685)[0m
  [1m[36mActiveRecord::SchemaMigration Pluck (0.5ms)[0m  [1m[34mSELECT "schema_migrations"."version" FROM "schema_migrations" ORDER BY "schema_migrations"."version" ASC[0m
Migrating to CreateMessages (20230330192845)
  [1m[36mTRANSACTION (0.2ms)[0m  [1m[35mBEGIN[0m
  [1m[35m (4.3ms)[0m  [1m[35mCREATE TABLE "messages" ("id" bigserial primary key, "content" text, "created_at" timestamp(6) NOT NULL, "updated_at" timestamp(6) NOT NULL)[0m
  [1m[36mActiveRecord::SchemaMigration Create (0.8ms)[0m  [1m[32mINSERT INTO "schema_migrations" ("version") VALUES ($1) RETURNING "version"[0m  [["version", "20230330192845"]]
  [1m[36mTRANSACTION (0.7ms)[0m  [1m[35mCOMMIT[0m
  [1m[36mActiveRecord::InternalMetadata Load (0.3ms)[0m  [1m[34mSELECT "ar_internal_metadata".* FROM "ar_internal_metadata" WHERE "ar_internal_metadata"."key" = $1 LIMIT $2[0m  [["key", "environment"], ["LIMIT", 1]]
  [1m[36mTRANSACTION (0.4ms)[0m  [1m[35mBEGIN[0m
  [1m[36mActiveRecord::InternalMetadata Create (0.8ms)[0m  [1m[32mINSERT INTO "ar_internal_metadata" ("key", "value", "created_at", "updated_at") VALUES ($1, $2, $3, $4) RETURNING "key"[0m  [["key", "environment"], ["value", "development"], ["created_at", "2023-03-30 19:28:52.884560"], ["updated_at", "2023-03-30 19:28:52.884560"]]
  [1m[36mTRANSACTION (0.4ms)[0m  [1m[35mCOMMIT[0m
  [1m[35m (0.4ms)[0m  [1m[34mSELECT pg_advisory_unlock(3369180297042482685)[0m
  [1m[36mActiveRecord::SchemaMigration Pluck (10.8ms)[0m  [1m[34mSELECT "schema_migrations"."version" FROM "schema_migrations" ORDER BY "schema_migrations"."version" ASC[0m
  [1m[36mActiveRecord::SchemaMigration Pluck (0.4ms)[0m  [1m[34mSELECT "schema_migrations"."version" FROM "schema_migrations" ORDER BY "schema_migrations"."version" ASC[0m
  [1m[36mTRANSACTION (0.3ms)[0m  [1m[35mBEGIN[0m
  [1m[36mMessage Create (1.7ms)[0m  [1m[32mINSERT INTO "messages" ("content", "created_at", "updated_at") VALUES ($1, $2, $3) RETURNING "id"[0m  [["content", "Hello, world!"], ["created_at", "2023-03-30 19:29:27.730527"], ["updated_at", "2023-03-30 19:29:27.730527"]]
  [1m[36mTRANSACTION (0.9ms)[0m  [1m[35mCOMMIT[0m
  [1m[36mTRANSACTION (0.2ms)[0m  [1m[35mBEGIN[0m
  [1m[36mMessage Create (0.4ms)[0m  [1m[32mINSERT INTO "messages" ("content", "created_at", "updated_at") VALUES ($1, $2, $3) RETURNING "id"[0m  [["content", "Greetings!"], ["created_at", "2023-03-30 19:29:27.736366"], ["updated_at", "2023-03-30 19:29:27.736366"]]
  [1m[36mTRANSACTION (0.4ms)[0m  [1m[35mCOMMIT[0m
  [1m[36mTRANSACTION (0.3ms)[0m  [1m[35mBEGIN[0m
  [1m[36mMessage Create (0.3ms)[0m  [1m[32mINSERT INTO "messages" ("content", "created_at", "updated_at") VALUES ($1, $2, $3) RETURNING "id"[0m  [["content", "Hey there!"], ["created_at", "2023-03-30 19:29:27.739267"], ["updated_at", "2023-03-30 19:29:27.739267"]]
  [1m[36mTRANSACTION (0.3ms)[0m  [1m[35mCOMMIT[0m
  [1m[36mTRANSACTION (0.3ms)[0m  [1m[35mBEGIN[0m
  [1m[36mMessage Create (0.4ms)[0m  [1m[32mINSERT INTO "messages" ("content", "created_at", "updated_at") VALUES ($1, $2, $3) RETURNING "id"[0m  [["content", "Hi, friend!"], ["created_at", "2023-03-30 19:29:27.741998"], ["updated_at", "2023-03-30 19:29:27.741998"]]
  [1m[36mTRANSACTION (0.5ms)[0m  [1m[35mCOMMIT[0m
  [1m[36mTRANSACTION (0.2ms)[0m  [1m[35mBEGIN[0m
  [1m[36mMessage Create (0.3ms)[0m  [1m[32mINSERT INTO "messages" ("content", "created_at", "updated_at") VALUES ($1, $2, $3) RETURNING "id"[0m  [["content", "Welcome!"], ["created_at", "2023-03-30 19:29:27.744901"], ["updated_at", "2023-03-30 19:29:27.744901"]]
  [1m[36mTRANSACTION (0.3ms)[0m  [1m[35mCOMMIT[0m
Started GET "/api/random_greeting" for ::1 at 2023-03-30 22:31:23 +0300
  [1m[36mActiveRecord::SchemaMigration Pluck (1.0ms)[0m  [1m[34mSELECT "schema_migrations"."version" FROM "schema_migrations" ORDER BY "schema_migrations"."version" ASC[0m
Processing by Api::MessagesController#random_greeting as HTML
  [1m[36mMessage Load (1.2ms)[0m  [1m[34mSELECT "messages".* FROM "messages" ORDER BY RANDOM() LIMIT $1[0m  [["LIMIT", 1]]
  ↳ app/controllers/api/messages_controller.rb:3:in `random_greeting'
Completed 200 OK in 71ms (Views: 0.4ms | ActiveRecord: 7.3ms | Allocations: 9038)


Started GET "/favicon.ico" for ::1 at 2023-03-30 22:31:23 +0300
  
ActionController::RoutingError (No route matches [GET] "/favicon.ico"):
  
Started GET "/api/random_greeting" for ::1 at 2023-03-30 22:31:26 +0300
Processing by Api::MessagesController#random_greeting as HTML
  [1m[36mMessage Load (0.8ms)[0m  [1m[34mSELECT "messages".* FROM "messages" ORDER BY RANDOM() LIMIT $1[0m  [["LIMIT", 1]]
  ↳ app/controllers/api/messages_controller.rb:3:in `random_greeting'
Completed 200 OK in 4ms (Views: 0.2ms | ActiveRecord: 0.8ms | Allocations: 869)


Started GET "/api/random_greeting" for ::1 at 2023-03-30 22:31:27 +0300
Processing by Api::MessagesController#random_greeting as HTML
  [1m[36mMessage Load (0.6ms)[0m  [1m[34mSELECT "messages".* FROM "messages" ORDER BY RANDOM() LIMIT $1[0m  [["LIMIT", 1]]
  ↳ app/controllers/api/messages_controller.rb:3:in `random_greeting'
Completed 200 OK in 5ms (Views: 0.2ms | ActiveRecord: 0.6ms | Allocations: 696)


